  Validating sources
  Copying sources remotely to 'cc-login.campuscluster.illinois.edu'
  Validating architecture
  Validating architecture
  Starting remote build
  Compiling sources:
  algo3.cpp
C:\Users\brian\OneDrive\Documents\GitHub\GenMC_Run\GMC_Run\GMC_Run\utils.h(46,48): warning : conversion to 'float' alters 'double' constant value [-Wconversion]
C:\Users\brian\OneDrive\Documents\GitHub\GenMC_Run\GMC_Run\GMC_Run\utils.h(46,48): warning :  bool fcomp(float a, float b, float tol = 0.0001);
C:\Users\brian\OneDrive\Documents\GitHub\GenMC_Run\GMC_Run\GMC_Run\utils.h(46,48): warning :                                                 ^
C:\Users\brian\OneDrive\Documents\GitHub\GenMC_Run\GMC_Run\GMC_Run\utils.h(47,75): warning : conversion to 'float' alters 'double' constant value [-Wconversion]
C:\Users\brian\OneDrive\Documents\GitHub\GenMC_Run\GMC_Run\GMC_Run\utils.h(47,75): warning :  bool pos_comp(vector<float>& pos1, vector<float>& pos2, float tol = 0.0001);
C:\Users\brian\OneDrive\Documents\GitHub\GenMC_Run\GMC_Run\GMC_Run\utils.h(47,75): warning :                                                                            ^
C:\Users\brian\OneDrive\Documents\GitHub\GenMC_Run\GMC_Run\GMC_Run\algo3.cpp(39,54): warning : comparison between signed and unsigned integer expressions [-Wsign-compare]
C:\Users\brian\OneDrive\Documents\GitHub\GenMC_Run\GMC_Run\GMC_Run\algo3.cpp(39,54): warning :      for (int i = 0; i < chem_motif_groups[site].size(); i++) {
C:\Users\brian\OneDrive\Documents\GitHub\GenMC_Run\GMC_Run\GMC_Run\algo3.cpp(39,54): warning :                                                       ^
C:\Users\brian\OneDrive\Documents\GitHub\GenMC_Run\GMC_Run\GMC_Run\algo3.cpp(41,40): warning : comparison between signed and unsigned integer expressions [-Wsign-compare]
C:\Users\brian\OneDrive\Documents\GitHub\GenMC_Run\GMC_Run\GMC_Run\algo3.cpp(41,40): warning :          for (int j = 0; j < motif.size(); j++) {
C:\Users\brian\OneDrive\Documents\GitHub\GenMC_Run\GMC_Run\GMC_Run\algo3.cpp(41,40): warning :                                         ^
C:\Users\brian\OneDrive\Documents\GitHub\GenMC_Run\GMC_Run\GMC_Run\algo3.cpp(51,58): warning : conversion to '__gnu_cxx::__alloc_traits<std::allocator<float> >::value_type {aka float}' from 'std::vector<int>::size_type {aka long unsigned int}' may alter its value [-Wconversion]
C:\Users\brian\OneDrive\Documents\GitHub\GenMC_Run\GMC_Run\GMC_Run\algo3.cpp(51,58): warning :                  enrg += rule_itr->second[0] / group.size();
C:\Users\brian\OneDrive\Documents\GitHub\GenMC_Run\GMC_Run\GMC_Run\algo3.cpp(51,58): warning :                                                           ^
C:\Users\brian\OneDrive\Documents\GitHub\GenMC_Run\GMC_Run\GMC_Run\algo3.cpp(52,62): warning : conversion to 'std::vector<float>::size_type {aka long unsigned int}' from 'float' may alter its value [-Wconversion]
C:\Users\brian\OneDrive\Documents\GitHub\GenMC_Run\GMC_Run\GMC_Run\algo3.cpp(52,62): warning :                  lat_rule_count_list[round(rule_itr->second[1])] += 1.0 / group.size();
C:\Users\brian\OneDrive\Documents\GitHub\GenMC_Run\GMC_Run\GMC_Run\algo3.cpp(52,62): warning :                                                               ^
C:\Users\brian\OneDrive\Documents\GitHub\GenMC_Run\GMC_Run\GMC_Run\algo3.cpp(52,85): warning : conversion to 'double' from 'std::vector<int>::size_type {aka long unsigned int}' may alter its value [-Wconversion]
C:\Users\brian\OneDrive\Documents\GitHub\GenMC_Run\GMC_Run\GMC_Run\algo3.cpp(52,85): warning :                  lat_rule_count_list[round(rule_itr->second[1])] += 1.0 / group.size();
C:\Users\brian\OneDrive\Documents\GitHub\GenMC_Run\GMC_Run\GMC_Run\algo3.cpp(52,85): warning :                                                                                      ^
C:\Users\brian\OneDrive\Documents\GitHub\GenMC_Run\GMC_Run\GMC_Run\algo3.cpp(52,65): warning : conversion to '__gnu_cxx::__alloc_traits<std::allocator<float> >::value_type {aka float}' from 'double' may alter its value [-Wconversion]
C:\Users\brian\OneDrive\Documents\GitHub\GenMC_Run\GMC_Run\GMC_Run\algo3.cpp(52,65): warning :                  lat_rule_count_list[round(rule_itr->second[1])] += 1.0 / group.size();
C:\Users\brian\OneDrive\Documents\GitHub\GenMC_Run\GMC_Run\GMC_Run\algo3.cpp(52,65): warning :                                                                  ^
C:\Users\brian\OneDrive\Documents\GitHub\GenMC_Run\GMC_Run\GMC_Run\algo3.cpp(65,54): warning : comparison between signed and unsigned integer expressions [-Wsign-compare]
C:\Users\brian\OneDrive\Documents\GitHub\GenMC_Run\GMC_Run\GMC_Run\algo3.cpp(65,54): warning :      for (int i = 0; i < spin_motif_groups[site].size(); i++) {
C:\Users\brian\OneDrive\Documents\GitHub\GenMC_Run\GMC_Run\GMC_Run\algo3.cpp(65,54): warning :                                                       ^
C:\Users\brian\OneDrive\Documents\GitHub\GenMC_Run\GMC_Run\GMC_Run\algo3.cpp(67,40): warning : comparison between signed and unsigned integer expressions [-Wsign-compare]
C:\Users\brian\OneDrive\Documents\GitHub\GenMC_Run\GMC_Run\GMC_Run\algo3.cpp(67,40): warning :          for (int j = 0; j < motif.size(); j++) {
C:\Users\brian\OneDrive\Documents\GitHub\GenMC_Run\GMC_Run\GMC_Run\algo3.cpp(67,40): warning :                                         ^
C:\Users\brian\OneDrive\Documents\GitHub\GenMC_Run\GMC_Run\GMC_Run\algo3.cpp(78,100): warning : conversion to 'float' from 'std::vector<int>::size_type {aka long unsigned int}' may alter its value [-Wconversion]
C:\Users\brian\OneDrive\Documents\GitHub\GenMC_Run\GMC_Run\GMC_Run\algo3.cpp(78,18): warning : conversion to 'float' from 'double' may alter its value [-Wconversion]
C:\Users\brian\OneDrive\Documents\GitHub\GenMC_Run\GMC_Run\GMC_Run\algo3.cpp(90,54): warning : comparison between signed and unsigned integer expressions [-Wsign-compare]
C:\Users\brian\OneDrive\Documents\GitHub\GenMC_Run\GMC_Run\GMC_Run\algo3.cpp(90,54): warning :      for (int i = 0; i < spin_motif_groups[site].size(); i++) {
C:\Users\brian\OneDrive\Documents\GitHub\GenMC_Run\GMC_Run\GMC_Run\algo3.cpp(90,54): warning :                                                       ^
C:\Users\brian\OneDrive\Documents\GitHub\GenMC_Run\GMC_Run\GMC_Run\algo3.cpp(92,40): warning : comparison between signed and unsigned integer expressions [-Wsign-compare]
C:\Users\brian\OneDrive\Documents\GitHub\GenMC_Run\GMC_Run\GMC_Run\algo3.cpp(92,40): warning :          for (int j = 0; j < motif.size(); j++) {
C:\Users\brian\OneDrive\Documents\GitHub\GenMC_Run\GMC_Run\GMC_Run\algo3.cpp(92,40): warning :                                         ^
C:\Users\brian\OneDrive\Documents\GitHub\GenMC_Run\GMC_Run\GMC_Run\algo3.cpp(103,18): warning : conversion to 'float' from 'double' may alter its value [-Wconversion]
C:\Users\brian\OneDrive\Documents\GitHub\GenMC_Run\GMC_Run\GMC_Run\algo3.cpp(117,54): warning : comparison between signed and unsigned integer expressions [-Wsign-compare]
C:\Users\brian\OneDrive\Documents\GitHub\GenMC_Run\GMC_Run\GMC_Run\algo3.cpp(117,54): warning :      for (int i = 0; i < chem_motif_groups[site].size(); i++) {
C:\Users\brian\OneDrive\Documents\GitHub\GenMC_Run\GMC_Run\GMC_Run\algo3.cpp(117,54): warning :                                                       ^
C:\Users\brian\OneDrive\Documents\GitHub\GenMC_Run\GMC_Run\GMC_Run\algo3.cpp(119,40): warning : comparison between signed and unsigned integer expressions [-Wsign-compare]
C:\Users\brian\OneDrive\Documents\GitHub\GenMC_Run\GMC_Run\GMC_Run\algo3.cpp(119,40): warning :          for (int j = 0; j < motif.size(); j++) {
C:\Users\brian\OneDrive\Documents\GitHub\GenMC_Run\GMC_Run\GMC_Run\algo3.cpp(119,40): warning :                                         ^
C:\Users\brian\OneDrive\Documents\GitHub\GenMC_Run\GMC_Run\GMC_Run\algo3.cpp(130,68): warning : conversion to 'std::vector<float>::size_type {aka long unsigned int}' from 'float' may alter its value [-Wconversion]
C:\Users\brian\OneDrive\Documents\GitHub\GenMC_Run\GMC_Run\GMC_Run\algo3.cpp(130,68): warning :                  site_rule_count_list[round(rule_itr_chem->second[1])] += 1.0;
C:\Users\brian\OneDrive\Documents\GitHub\GenMC_Run\GMC_Run\GMC_Run\algo3.cpp(130,68): warning :                                                                     ^
C:\Users\brian\OneDrive\Documents\GitHub\GenMC_Run\GMC_Run\GMC_Run\algo3.cpp(130,71): warning : conversion to '__gnu_cxx::__alloc_traits<std::allocator<float> >::value_type {aka float}' from 'double' may alter its value [-Wconversion]
C:\Users\brian\OneDrive\Documents\GitHub\GenMC_Run\GMC_Run\GMC_Run\algo3.cpp(130,71): warning :                  site_rule_count_list[round(rule_itr_chem->second[1])] += 1.0;
C:\Users\brian\OneDrive\Documents\GitHub\GenMC_Run\GMC_Run\GMC_Run\algo3.cpp(130,71): warning :                                                                        ^
C:\Users\brian\OneDrive\Documents\GitHub\GenMC_Run\GMC_Run\GMC_Run\algo3.cpp(135,54): warning : comparison between signed and unsigned integer expressions [-Wsign-compare]
C:\Users\brian\OneDrive\Documents\GitHub\GenMC_Run\GMC_Run\GMC_Run\algo3.cpp(135,54): warning :      for (int i = 0; i < spin_motif_groups[site].size(); i++) {
C:\Users\brian\OneDrive\Documents\GitHub\GenMC_Run\GMC_Run\GMC_Run\algo3.cpp(135,54): warning :                                                       ^
C:\Users\brian\OneDrive\Documents\GitHub\GenMC_Run\GMC_Run\GMC_Run\algo3.cpp(137,40): warning : comparison between signed and unsigned integer expressions [-Wsign-compare]
C:\Users\brian\OneDrive\Documents\GitHub\GenMC_Run\GMC_Run\GMC_Run\algo3.cpp(137,40): warning :          for (int j = 0; j < motif.size(); j++) {
C:\Users\brian\OneDrive\Documents\GitHub\GenMC_Run\GMC_Run\GMC_Run\algo3.cpp(137,40): warning :                                         ^
C:\Users\brian\OneDrive\Documents\GitHub\GenMC_Run\GMC_Run\GMC_Run\algo3.cpp(148,18): warning : conversion to 'float' from 'double' may alter its value [-Wconversion]
C:\Users\brian\OneDrive\Documents\GitHub\GenMC_Run\GMC_Run\GMC_Run\algo3.cpp(180,58): warning : conversion to 'float' from 'int' may alter its value [-Wconversion]
C:\Users\brian\OneDrive\Documents\GitHub\GenMC_Run\GMC_Run\GMC_Run\algo3.cpp(180,58): warning :              lc_shift = scale_vect(sim_cell.lat_vect[i], a);
C:\Users\brian\OneDrive\Documents\GitHub\GenMC_Run\GMC_Run\GMC_Run\algo3.cpp(180,58): warning :                                                           ^
C:\Users\brian\OneDrive\Documents\GitHub\GenMC_Run\GMC_Run\GMC_Run\algo3.cpp(185,58): warning : conversion to 'float' from 'int' may alter its value [-Wconversion]
C:\Users\brian\OneDrive\Documents\GitHub\GenMC_Run\GMC_Run\GMC_Run\algo3.cpp(185,58): warning :              lc_shift = scale_vect(sim_cell.lat_vect[0], a);
C:\Users\brian\OneDrive\Documents\GitHub\GenMC_Run\GMC_Run\GMC_Run\algo3.cpp(185,58): warning :                                                           ^
C:\Users\brian\OneDrive\Documents\GitHub\GenMC_Run\GMC_Run\GMC_Run\algo3.cpp(187,58): warning : conversion to 'float' from 'int' may alter its value [-Wconversion]
C:\Users\brian\OneDrive\Documents\GitHub\GenMC_Run\GMC_Run\GMC_Run\algo3.cpp(187,58): warning :              lc_shift = scale_vect(sim_cell.lat_vect[1], b);
C:\Users\brian\OneDrive\Documents\GitHub\GenMC_Run\GMC_Run\GMC_Run\algo3.cpp(187,58): warning :                                                           ^
C:\Users\brian\OneDrive\Documents\GitHub\GenMC_Run\GMC_Run\GMC_Run\algo3.cpp(191,58): warning : conversion to 'float' from 'int' may alter its value [-Wconversion]
C:\Users\brian\OneDrive\Documents\GitHub\GenMC_Run\GMC_Run\GMC_Run\algo3.cpp(191,58): warning :              lc_shift = scale_vect(sim_cell.lat_vect[0], a);
C:\Users\brian\OneDrive\Documents\GitHub\GenMC_Run\GMC_Run\GMC_Run\algo3.cpp(191,58): warning :                                                           ^
C:\Users\brian\OneDrive\Documents\GitHub\GenMC_Run\GMC_Run\GMC_Run\algo3.cpp(193,58): warning : conversion to 'float' from 'int' may alter its value [-Wconversion]
C:\Users\brian\OneDrive\Documents\GitHub\GenMC_Run\GMC_Run\GMC_Run\algo3.cpp(193,58): warning :              lc_shift = scale_vect(sim_cell.lat_vect[2], b);
C:\Users\brian\OneDrive\Documents\GitHub\GenMC_Run\GMC_Run\GMC_Run\algo3.cpp(193,58): warning :                                                           ^
C:\Users\brian\OneDrive\Documents\GitHub\GenMC_Run\GMC_Run\GMC_Run\algo3.cpp(197,58): warning : conversion to 'float' from 'int' may alter its value [-Wconversion]
C:\Users\brian\OneDrive\Documents\GitHub\GenMC_Run\GMC_Run\GMC_Run\algo3.cpp(197,58): warning :              lc_shift = scale_vect(sim_cell.lat_vect[1], a);
C:\Users\brian\OneDrive\Documents\GitHub\GenMC_Run\GMC_Run\GMC_Run\algo3.cpp(197,58): warning :                                                           ^
C:\Users\brian\OneDrive\Documents\GitHub\GenMC_Run\GMC_Run\GMC_Run\algo3.cpp(199,58): warning : conversion to 'float' from 'int' may alter its value [-Wconversion]
C:\Users\brian\OneDrive\Documents\GitHub\GenMC_Run\GMC_Run\GMC_Run\algo3.cpp(199,58): warning :              lc_shift = scale_vect(sim_cell.lat_vect[2], b);
C:\Users\brian\OneDrive\Documents\GitHub\GenMC_Run\GMC_Run\GMC_Run\algo3.cpp(199,58): warning :                                                           ^
C:\Users\brian\OneDrive\Documents\GitHub\GenMC_Run\GMC_Run\GMC_Run\algo3.cpp(204,62): warning : conversion to 'float' from 'int' may alter its value [-Wconversion]
C:\Users\brian\OneDrive\Documents\GitHub\GenMC_Run\GMC_Run\GMC_Run\algo3.cpp(204,62): warning :                  lc_shift = scale_vect(sim_cell.lat_vect[0], a);
C:\Users\brian\OneDrive\Documents\GitHub\GenMC_Run\GMC_Run\GMC_Run\algo3.cpp(204,62): warning :                                                               ^
C:\Users\brian\OneDrive\Documents\GitHub\GenMC_Run\GMC_Run\GMC_Run\algo3.cpp(206,62): warning : conversion to 'float' from 'int' may alter its value [-Wconversion]
C:\Users\brian\OneDrive\Documents\GitHub\GenMC_Run\GMC_Run\GMC_Run\algo3.cpp(206,62): warning :                  lc_shift = scale_vect(sim_cell.lat_vect[1], b);
C:\Users\brian\OneDrive\Documents\GitHub\GenMC_Run\GMC_Run\GMC_Run\algo3.cpp(206,62): warning :                                                               ^
C:\Users\brian\OneDrive\Documents\GitHub\GenMC_Run\GMC_Run\GMC_Run\algo3.cpp(208,62): warning : conversion to 'float' from 'int' may alter its value [-Wconversion]
C:\Users\brian\OneDrive\Documents\GitHub\GenMC_Run\GMC_Run\GMC_Run\algo3.cpp(208,62): warning :                  lc_shift = scale_vect(sim_cell.lat_vect[2], c);
C:\Users\brian\OneDrive\Documents\GitHub\GenMC_Run\GMC_Run\GMC_Run\algo3.cpp(208,62): warning :                                                               ^
C:\Users\brian\OneDrive\Documents\GitHub\GenMC_Run\GMC_Run\GMC_Run\algo3.cpp(215,39): warning : conversion to 'float' alters 'double' constant value [-Wconversion]
C:\Users\brian\OneDrive\Documents\GitHub\GenMC_Run\GMC_Run\GMC_Run\algo3.cpp(215,39): warning :          if (pos_comp(check, check_vect)) {
C:\Users\brian\OneDrive\Documents\GitHub\GenMC_Run\GMC_Run\GMC_Run\algo3.cpp(215,39): warning :                                        ^
C:\Users\brian\OneDrive\Documents\GitHub\GenMC_Run\GMC_Run\GMC_Run\algo3.cpp(233,50): warning : conversion to 'float' alters 'double' constant value [-Wconversion]
C:\Users\brian\OneDrive\Documents\GitHub\GenMC_Run\GMC_Run\GMC_Run\algo3.cpp(233,50): warning :                      if (pos_comp(shift, self_site)) { sites.push_back(atom); }
C:\Users\brian\OneDrive\Documents\GitHub\GenMC_Run\GMC_Run\GMC_Run\algo3.cpp(233,50): warning :                                                   ^
C:\Users\brian\OneDrive\Documents\GitHub\GenMC_Run\GMC_Run\GMC_Run\algo3.cpp(264,50): warning : conversion to 'float' alters 'double' constant value [-Wconversion]
C:\Users\brian\OneDrive\Documents\GitHub\GenMC_Run\GMC_Run\GMC_Run\algo3.cpp(264,50): warning :                      if (pos_comp(shift, self_site)) { sites.push_back(atom); }
C:\Users\brian\OneDrive\Documents\GitHub\GenMC_Run\GMC_Run\GMC_Run\algo3.cpp(264,50): warning :                                                   ^
C:\Users\brian\OneDrive\Documents\GitHub\GenMC_Run\GMC_Run\GMC_Run\algo3.cpp(314,80): warning : conversion to '__gnu_cxx::__alloc_traits<std::allocator<float> >::value_type {aka float}' from 'int' may alter its value [-Wconversion]
C:\Users\brian\OneDrive\Documents\GitHub\GenMC_Run\GMC_Run\GMC_Run\algo3.cpp(314,80): warning :              for (int j = 0; j < 3; j++) { OUT_file << vect[j] * session.shape[i] << " "; }
C:\Users\brian\OneDrive\Documents\GitHub\GenMC_Run\GMC_Run\GMC_Run\algo3.cpp(314,80): warning :                                                                                 ^
C:\Users\brian\OneDrive\Documents\GitHub\GenMC_Run\GMC_Run\GMC_Run\algo3.cpp(319,57): warning : comparison between signed and unsigned integer expressions [-Wsign-compare]
C:\Users\brian\OneDrive\Documents\GitHub\GenMC_Run\GMC_Run\GMC_Run\algo3.cpp(319,57): warning :          for (int i = 0; i < sim_cell.species_numbs.size(); i++) { OUT_file << sim_cell.species_numbs[i] << " "; }
C:\Users\brian\OneDrive\Documents\GitHub\GenMC_Run\GMC_Run\GMC_Run\algo3.cpp(319,57): warning :                                                          ^
C:\Users\brian\OneDrive\Documents\GitHub\GenMC_Run\GMC_Run\GMC_Run\algo3.cpp(323,54): warning : comparison between signed and unsigned integer expressions [-Wsign-compare]
C:\Users\brian\OneDrive\Documents\GitHub\GenMC_Run\GMC_Run\GMC_Run\algo3.cpp(323,54): warning :              for (int j = 0; j < temp_allowed[i].size(); j++) {
C:\Users\brian\OneDrive\Documents\GitHub\GenMC_Run\GMC_Run\GMC_Run\algo3.cpp(323,54): warning :                                                       ^
C:\Users\brian\OneDrive\Documents\GitHub\GenMC_Run\GMC_Run\GMC_Run\algo3.cpp(344,29): warning : conversion to 'float' from 'std::uniform_real_distribution<double>::result_type {aka double}' may alter its value [-Wconversion]
C:\Users\brian\OneDrive\Documents\GitHub\GenMC_Run\GMC_Run\GMC_Run\algo3.cpp(344,29): warning :          keep_rand = unif(rng);
C:\Users\brian\OneDrive\Documents\GitHub\GenMC_Run\GMC_Run\GMC_Run\algo3.cpp(344,29): warning :                              ^
C:\Users\brian\OneDrive\Documents\GitHub\GenMC_Run\GMC_Run\GMC_Run\algo3.cpp(345,52): warning : conversion to 'float' from 'double' may alter its value [-Wconversion]
C:\Users\brian\OneDrive\Documents\GitHub\GenMC_Run\GMC_Run\GMC_Run\algo3.cpp(345,52): warning :          keep_prob = exp(-1 / (Kb * temp) * (e_flip));
C:\Users\brian\OneDrive\Documents\GitHub\GenMC_Run\GMC_Run\GMC_Run\algo3.cpp(345,52): warning :                                                     ^
C:\Users\brian\OneDrive\Documents\GitHub\GenMC_Run\GMC_Run\GMC_Run\algo3.cpp(395,29): warning : conversion to 'float' from 'std::uniform_real_distribution<double>::result_type {aka double}' may alter its value [-Wconversion]
C:\Users\brian\OneDrive\Documents\GitHub\GenMC_Run\GMC_Run\GMC_Run\algo3.cpp(395,29): warning :          keep_rand = unif(rng);
C:\Users\brian\OneDrive\Documents\GitHub\GenMC_Run\GMC_Run\GMC_Run\algo3.cpp(395,29): warning :                              ^
C:\Users\brian\OneDrive\Documents\GitHub\GenMC_Run\GMC_Run\GMC_Run\algo3.cpp(396,52): warning : conversion to 'float' from 'double' may alter its value [-Wconversion]
C:\Users\brian\OneDrive\Documents\GitHub\GenMC_Run\GMC_Run\GMC_Run\algo3.cpp(396,52): warning :          keep_prob = exp(-1 / (Kb * temp) * (e_flip));
C:\Users\brian\OneDrive\Documents\GitHub\GenMC_Run\GMC_Run\GMC_Run\algo3.cpp(396,52): warning :                                                     ^
C:\Users\brian\OneDrive\Documents\GitHub\GenMC_Run\GMC_Run\GMC_Run\algo3.cpp(460,29): warning : conversion to 'float' from 'std::uniform_real_distribution<double>::result_type {aka double}' may alter its value [-Wconversion]
C:\Users\brian\OneDrive\Documents\GitHub\GenMC_Run\GMC_Run\GMC_Run\algo3.cpp(460,29): warning :          keep_rand = unif(rng);
C:\Users\brian\OneDrive\Documents\GitHub\GenMC_Run\GMC_Run\GMC_Run\algo3.cpp(460,29): warning :                              ^
C:\Users\brian\OneDrive\Documents\GitHub\GenMC_Run\GMC_Run\GMC_Run\algo3.cpp(461,52): warning : conversion to 'float' from 'double' may alter its value [-Wconversion]
C:\Users\brian\OneDrive\Documents\GitHub\GenMC_Run\GMC_Run\GMC_Run\algo3.cpp(461,52): warning :          keep_prob = exp(-1 / (Kb * temp) * (e_flip));
C:\Users\brian\OneDrive\Documents\GitHub\GenMC_Run\GMC_Run\GMC_Run\algo3.cpp(461,52): warning :                                                     ^
C:\Users\brian\OneDrive\Documents\GitHub\GenMC_Run\GMC_Run\GMC_Run\algo3.cpp(541,53): warning : comparison between signed and unsigned integer expressions [-Wsign-compare]
C:\Users\brian\OneDrive\Documents\GitHub\GenMC_Run\GMC_Run\GMC_Run\algo3.cpp(541,53): warning :      for (int i = 0; i < sim_cell.species_numbs.size(); i++) { Output << sim_cell.species_numbs[i] << ", "; }
C:\Users\brian\OneDrive\Documents\GitHub\GenMC_Run\GMC_Run\GMC_Run\algo3.cpp(541,53): warning :                                                      ^
C:\Users\brian\OneDrive\Documents\GitHub\GenMC_Run\GMC_Run\GMC_Run\algo3.cpp(566,44): warning : comparison between signed and unsigned integer expressions [-Wsign-compare]
C:\Users\brian\OneDrive\Documents\GitHub\GenMC_Run\GMC_Run\GMC_Run\algo3.cpp(566,44): warning :          for (int i = 0; i < rule.deco.size(); i++) { rule_info.push_back(rule.deco[i]); }
C:\Users\brian\OneDrive\Documents\GitHub\GenMC_Run\GMC_Run\GMC_Run\algo3.cpp(566,44): warning :                                             ^
C:\Users\brian\OneDrive\Documents\GitHub\GenMC_Run\GMC_Run\GMC_Run\algo3.cpp(581,44): warning : comparison between signed and unsigned integer expressions [-Wsign-compare]
C:\Users\brian\OneDrive\Documents\GitHub\GenMC_Run\GMC_Run\GMC_Run\algo3.cpp(581,44): warning :          for (int i = 0; i < rule.deco.size(); i++) { rule_info.push_back(rule.deco[i]); }
C:\Users\brian\OneDrive\Documents\GitHub\GenMC_Run\GMC_Run\GMC_Run\algo3.cpp(581,44): warning :                                             ^
C:\Users\brian\OneDrive\Documents\GitHub\GenMC_Run\GMC_Run\GMC_Run\algo3.cpp(599,55): warning : conversion to 'float' from 'int' may alter its value [-Wconversion]
C:\Users\brian\OneDrive\Documents\GitHub\GenMC_Run\GMC_Run\GMC_Run\algo3.cpp(601,59): warning : conversion to 'float' from 'int' may alter its value [-Wconversion]
C:\Users\brian\OneDrive\Documents\GitHub\GenMC_Run\GMC_Run\GMC_Run\algo3.cpp(603,27): warning : conversion to 'float' from 'int' may alter its value [-Wconversion]
C:\Users\brian\OneDrive\Documents\GitHub\GenMC_Run\GMC_Run\GMC_Run\algo3.cpp(603,27): warning :      Output << init_enrg / numb_atoms << ", " << init_spin_enrg / numb_atoms << "\n";
C:\Users\brian\OneDrive\Documents\GitHub\GenMC_Run\GMC_Run\GMC_Run\algo3.cpp(603,27): warning :                            ^
C:\Users\brian\OneDrive\Documents\GitHub\GenMC_Run\GMC_Run\GMC_Run\algo3.cpp(603,66): warning : conversion to 'float' from 'int' may alter its value [-Wconversion]
C:\Users\brian\OneDrive\Documents\GitHub\GenMC_Run\GMC_Run\GMC_Run\algo3.cpp(603,66): warning :      Output << init_enrg / numb_atoms << ", " << init_spin_enrg / numb_atoms << "\n";
C:\Users\brian\OneDrive\Documents\GitHub\GenMC_Run\GMC_Run\GMC_Run\algo3.cpp(603,66): warning :                                                                   ^
C:\Users\brian\OneDrive\Documents\GitHub\GenMC_Run\GMC_Run\GMC_Run\algo3.cpp(611,47): warning : conversion to 'float' from 'int' may alter its value [-Wconversion]
C:\Users\brian\OneDrive\Documents\GitHub\GenMC_Run\GMC_Run\GMC_Run\algo3.cpp(611,47): warning :      cout << "Initial spin is " << init_spin / numb_atoms << " per atom\n";
C:\Users\brian\OneDrive\Documents\GitHub\GenMC_Run\GMC_Run\GMC_Run\algo3.cpp(611,47): warning :                                                ^
C:\Users\brian\OneDrive\Documents\GitHub\GenMC_Run\GMC_Run\GMC_Run\algo3.cpp(660,49): warning : conversion to 'float' from 'std::uniform_real_distribution<double>::result_type {aka double}' may alter its value [-Wconversion]
C:\Users\brian\OneDrive\Documents\GitHub\GenMC_Run\GMC_Run\GMC_Run\algo3.cpp(660,49): warning :                              rand_spin = unif(rng);
C:\Users\brian\OneDrive\Documents\GitHub\GenMC_Run\GMC_Run\GMC_Run\algo3.cpp(660,49): warning :                                                  ^
C:\Users\brian\OneDrive\Documents\GitHub\GenMC_Run\GMC_Run\GMC_Run\algo3.cpp(661,107): warning : comparison between signed and unsigned integer expressions [-Wsign-compare]
C:\Users\brian\OneDrive\Documents\GitHub\GenMC_Run\GMC_Run\GMC_Run\algo3.cpp(661,107): warning :                              for (int it_spin_state = 0; it_spin_state < spin_states[chem_list[site]].size(); it_spin_state++) {
C:\Users\brian\OneDrive\Documents\GitHub\GenMC_Run\GMC_Run\GMC_Run\algo3.cpp(661,107): warning :                                                                                                            ^
C:\Users\brian\OneDrive\Documents\GitHub\GenMC_Run\GMC_Run\GMC_Run\algo3.cpp(727,53): warning : conversion to 'float' from 'std::uniform_real_distribution<double>::result_type {aka double}' may alter its value [-Wconversion]
C:\Users\brian\OneDrive\Documents\GitHub\GenMC_Run\GMC_Run\GMC_Run\algo3.cpp(727,53): warning :                                  rand_spin = unif(rng);
C:\Users\brian\OneDrive\Documents\GitHub\GenMC_Run\GMC_Run\GMC_Run\algo3.cpp(727,53): warning :                                                      ^
C:\Users\brian\OneDrive\Documents\GitHub\GenMC_Run\GMC_Run\GMC_Run\algo3.cpp(728,116): warning : comparison between signed and unsigned integer expressions [-Wsign-compare]
C:\Users\brian\OneDrive\Documents\GitHub\GenMC_Run\GMC_Run\GMC_Run\algo3.cpp(728,116): warning :                                  for (int it_spin_state = 0; it_spin_state < spin_states[chem_list[rand_site]].size(); it_spin_state++) {
C:\Users\brian\OneDrive\Documents\GitHub\GenMC_Run\GMC_Run\GMC_Run\algo3.cpp(728,116): warning :                                                                                                                     ^
C:\Users\brian\OneDrive\Documents\GitHub\GenMC_Run\GMC_Run\GMC_Run\algo3.cpp(747,53): warning : conversion to 'float' from 'std::uniform_real_distribution<double>::result_type {aka double}' may alter its value [-Wconversion]
C:\Users\brian\OneDrive\Documents\GitHub\GenMC_Run\GMC_Run\GMC_Run\algo3.cpp(747,53): warning :                                  rand_spin = unif(rng);
C:\Users\brian\OneDrive\Documents\GitHub\GenMC_Run\GMC_Run\GMC_Run\algo3.cpp(747,53): warning :                                                      ^
C:\Users\brian\OneDrive\Documents\GitHub\GenMC_Run\GMC_Run\GMC_Run\algo3.cpp(748,111): warning : comparison between signed and unsigned integer expressions [-Wsign-compare]
C:\Users\brian\OneDrive\Documents\GitHub\GenMC_Run\GMC_Run\GMC_Run\algo3.cpp(748,111): warning :                                  for (int it_spin_state = 0; it_spin_state < spin_states[chem_list[site]].size(); it_spin_state++) {
C:\Users\brian\OneDrive\Documents\GitHub\GenMC_Run\GMC_Run\GMC_Run\algo3.cpp(748,111): warning :                                                                                                                ^
C:\Users\brian\OneDrive\Documents\GitHub\GenMC_Run\GMC_Run\GMC_Run\algo3.cpp(635,21): warning : unused variable 'rand_atom_list' [-Wunused-variable]
C:\Users\brian\OneDrive\Documents\GitHub\GenMC_Run\GMC_Run\GMC_Run\algo3.cpp(635,21): warning :                  int rand_atom_list = rand_atom(rng);
C:\Users\brian\OneDrive\Documents\GitHub\GenMC_Run\GMC_Run\GMC_Run\algo3.cpp(635,21): warning :                      ^
C:\Users\brian\OneDrive\Documents\GitHub\GenMC_Run\GMC_Run\GMC_Run\algo3.cpp(636,24): warning : unused variable 'rand_spin_list' [-Wunused-variable]
C:\Users\brian\OneDrive\Documents\GitHub\GenMC_Run\GMC_Run\GMC_Run\algo3.cpp(636,24): warning :                  double rand_spin_list = unif(rng);
C:\Users\brian\OneDrive\Documents\GitHub\GenMC_Run\GMC_Run\GMC_Run\algo3.cpp(636,24): warning :                         ^
C:\Users\brian\OneDrive\Documents\GitHub\GenMC_Run\GMC_Run\GMC_Run\algo3.cpp(770,15): warning : conversion to 'float' from 'double' may alter its value [-Wconversion]
C:\Users\brian\OneDrive\Documents\GitHub\GenMC_Run\GMC_Run\GMC_Run\algo3.cpp(770,15): warning :          e_avg *= scale;
C:\Users\brian\OneDrive\Documents\GitHub\GenMC_Run\GMC_Run\GMC_Run\algo3.cpp(770,15): warning :                ^
C:\Users\brian\OneDrive\Documents\GitHub\GenMC_Run\GMC_Run\GMC_Run\algo3.cpp(771,18): warning : conversion to 'float' from 'double' may alter its value [-Wconversion]
C:\Users\brian\OneDrive\Documents\GitHub\GenMC_Run\GMC_Run\GMC_Run\algo3.cpp(771,18): warning :          spin_avg *= scale;
C:\Users\brian\OneDrive\Documents\GitHub\GenMC_Run\GMC_Run\GMC_Run\algo3.cpp(771,18): warning :                   ^
C:\Users\brian\OneDrive\Documents\GitHub\GenMC_Run\GMC_Run\GMC_Run\algo3.cpp(772,49): warning : conversion to 'float' from 'double' may alter its value [-Wconversion]
C:\Users\brian\OneDrive\Documents\GitHub\GenMC_Run\GMC_Run\GMC_Run\algo3.cpp(772,49): warning :          count_avg = scale_vect(count_avg, scale * numb_atoms);
C:\Users\brian\OneDrive\Documents\GitHub\GenMC_Run\GMC_Run\GMC_Run\algo3.cpp(772,49): warning :                                                  ^
C:\Users\brian\OneDrive\Documents\GitHub\GenMC_Run\GMC_Run\GMC_Run\algo3.cpp(775,22): warning : conversion to 'float' from 'double' may alter its value [-Wconversion]
C:\Users\brian\OneDrive\Documents\GitHub\GenMC_Run\GMC_Run\GMC_Run\algo3.cpp(775,22): warning :          Cmag = var_e / (Kb * double(pow(temp, 2)));
C:\Users\brian\OneDrive\Documents\GitHub\GenMC_Run\GMC_Run\GMC_Run\algo3.cpp(775,22): warning :                       ^
C:\Users\brian\OneDrive\Documents\GitHub\GenMC_Run\GMC_Run\GMC_Run\algo3.cpp(776,25): warning : conversion to 'float' from 'double' may alter its value [-Wconversion]
C:\Users\brian\OneDrive\Documents\GitHub\GenMC_Run\GMC_Run\GMC_Run\algo3.cpp(776,25): warning :          Xmag = var_spin / (Kb * double(pow(temp, 2)));
C:\Users\brian\OneDrive\Documents\GitHub\GenMC_Run\GMC_Run\GMC_Run\algo3.cpp(776,25): warning :                          ^
C:\Users\brian\OneDrive\Documents\GitHub\GenMC_Run\GMC_Run\GMC_Run\algo3.cpp(498,9): warning : unused variable 'eq_passes' [-Wunused-variable]
C:\Users\brian\OneDrive\Documents\GitHub\GenMC_Run\GMC_Run\GMC_Run\algo3.cpp(498,9): warning :      int eq_passes = session.eq_passes;
C:\Users\brian\OneDrive\Documents\GitHub\GenMC_Run\GMC_Run\GMC_Run\algo3.cpp(498,9): warning :          ^
  Linking objects
  GMC_Run.vcxproj -> C:\Users\brian\OneDrive\Documents\GitHub\GenMC_Run\GMC_Run\GMC_Run\bin\x64\Debug\GMC_Run.out
